Release 14.7 - xst P.20131013 (lin64)
Copyright (c) 1995-2013 Xilinx, Inc.  All rights reserved.
--> 
Parameter TMPDIR set to xst/projnav.tmp


Total REAL time to Xst completion: 0.00 secs
Total CPU time to Xst completion: 0.04 secs
 
--> 
Parameter xsthdpdir set to xst


Total REAL time to Xst completion: 0.00 secs
Total CPU time to Xst completion: 0.04 secs
 
--> 
Reading design: meminferida.prj

TABLE OF CONTENTS
  1) Synthesis Options Summary
  2) HDL Parsing
  3) HDL Elaboration
  4) HDL Synthesis
       4.1) HDL Synthesis Report
  5) Advanced HDL Synthesis
       5.1) Advanced HDL Synthesis Report
  6) Low Level Synthesis
  7) Partition Report
  8) Design Summary
       8.1) Primitive and Black Box Usage
       8.2) Device utilization summary
       8.3) Partition Resource Summary
       8.4) Timing Report
            8.4.1) Clock Information
            8.4.2) Asynchronous Control Signals Information
            8.4.3) Timing Summary
            8.4.4) Timing Details
            8.4.5) Cross Clock Domains Report


=========================================================================
*                      Synthesis Options Summary                        *
=========================================================================
---- Source Parameters
Input File Name                    : "meminferida.prj"
Ignore Synthesis Constraint File   : NO

---- Target Parameters
Output File Name                   : "meminferida"
Output Format                      : NGC
Target Device                      : xc6slx16-3-csg324

---- Source Options
Top Module Name                    : meminferida
Automatic FSM Extraction           : YES
FSM Encoding Algorithm             : Auto
Safe Implementation                : No
FSM Style                          : LUT
RAM Extraction                     : Yes
RAM Style                          : Auto
ROM Extraction                     : Yes
Shift Register Extraction          : YES
ROM Style                          : Auto
Resource Sharing                   : YES
Asynchronous To Synchronous        : NO
Shift Register Minimum Size        : 2
Use DSP Block                      : Auto
Automatic Register Balancing       : No

---- Target Options
LUT Combining                      : Auto
Reduce Control Sets                : Auto
Add IO Buffers                     : YES
Global Maximum Fanout              : 100000
Add Generic Clock Buffer(BUFG)     : 16
Register Duplication               : YES
Optimize Instantiated Primitives   : NO
Use Clock Enable                   : Auto
Use Synchronous Set                : Auto
Use Synchronous Reset              : Auto
Pack IO Registers into IOBs        : Auto
Equivalent register Removal        : YES

---- General Options
Optimization Goal                  : Speed
Optimization Effort                : 1
Power Reduction                    : NO
Keep Hierarchy                     : No
Netlist Hierarchy                  : As_Optimized
RTL Output                         : Yes
Global Optimization                : AllClockNets
Read Cores                         : YES
Write Timing Constraints           : NO
Cross Clock Analysis               : NO
Hierarchy Separator                : /
Bus Delimiter                      : <>
Case Specifier                     : Maintain
Slice Utilization Ratio            : 100
BRAM Utilization Ratio             : 100
DSP48 Utilization Ratio            : 100
Auto BRAM Packing                  : NO
Slice Utilization Ratio Delta      : 5

=========================================================================


=========================================================================
*                          HDL Parsing                                  *
=========================================================================
Analyzing Verilog file "/home/itirabasso/filtro/hex_to_sseg.v" into library work
Parsing module <hex_to_sseg>.
Analyzing Verilog file "/home/itirabasso/filtro/disp_mux.v" into library work
Parsing module <disp_mux>.
Analyzing Verilog file "/home/itirabasso/filtro/meminferida.v" into library work
Parsing module <meminferida>.

=========================================================================
*                            HDL Elaboration                            *
=========================================================================

Elaborating module <meminferida>.
WARNING:HDLCompiler:1127 - "/home/itirabasso/filtro/meminferida.v" Line 46: Assignment to ram_enable ignored, since the identifier is never used
WARNING:HDLCompiler:1127 - "/home/itirabasso/filtro/meminferida.v" Line 47: Assignment to write_enable ignored, since the identifier is never used
WARNING:HDLCompiler:1127 - "/home/itirabasso/filtro/meminferida.v" Line 52: Assignment to addr ignored, since the identifier is never used
WARNING:HDLCompiler:413 - "/home/itirabasso/filtro/meminferida.v" Line 77: Result of 8-bit expression is truncated to fit in 4-bit target.

Elaborating module <hex_to_sseg>.

Elaborating module <disp_mux>.

=========================================================================
*                           HDL Synthesis                               *
=========================================================================

Synthesizing Unit <meminferida>.
    Related source file is "/home/itirabasso/filtro/meminferida.v".
        RAM_WIDTH = 8
        RAM_ADDR_BITS = 3
    Summary:
	no macro.
Unit <meminferida> synthesized.

Synthesizing Unit <hex_to_sseg>.
    Related source file is "/home/itirabasso/filtro/hex_to_sseg.v".
    Found 16x7-bit Read Only RAM for signal <_n0026[0:6]>
    Summary:
	inferred   1 RAM(s).
Unit <hex_to_sseg> synthesized.

Synthesizing Unit <disp_mux>.
    Related source file is "/home/itirabasso/filtro/disp_mux.v".
    Found 18-bit register for signal <q_reg>.
    Found 18-bit adder for signal <q_next> created at line 27.
    Found 4x4-bit Read Only RAM for signal <an>
    Found 8-bit 3-to-1 multiplexer for signal <sseg> created at line 32.
    Summary:
	inferred   1 RAM(s).
	inferred   1 Adder/Subtractor(s).
	inferred  18 D-type flip-flop(s).
	inferred   1 Multiplexer(s).
Unit <disp_mux> synthesized.

=========================================================================
HDL Synthesis Report

Macro Statistics
# RAMs                                                 : 3
 16x7-bit single-port Read Only RAM                    : 2
 4x4-bit single-port Read Only RAM                     : 1
# Adders/Subtractors                                   : 1
 18-bit adder                                          : 1
# Registers                                            : 1
 18-bit register                                       : 1
# Multiplexers                                         : 1
 8-bit 3-to-1 multiplexer                              : 1

=========================================================================

=========================================================================
*                       Advanced HDL Synthesis                          *
=========================================================================


Synthesizing (advanced) Unit <disp_mux>.
The following registers are absorbed into counter <q_reg>: 1 register on signal <q_reg>.
INFO:Xst:3218 - HDL ADVISOR - The RAM <Mram_an> will be implemented on LUTs either because you have described an asynchronous read or because of currently unsupported block RAM features. If you have described an asynchronous read, making it synchronous would allow you to take advantage of available block RAM resources, for optimized device usage and improved timings. Please refer to your documentation for coding guidelines.
    -----------------------------------------------------------------------
    | ram_type           | Distributed                         |          |
    -----------------------------------------------------------------------
    | Port A                                                              |
    |     aspect ratio   | 4-word x 4-bit                      |          |
    |     weA            | connected to signal <GND>           | high     |
    |     addrA          | connected to signal <q_reg>         |          |
    |     diA            | connected to signal <GND>           |          |
    |     doA            | connected to signal <an>            |          |
    -----------------------------------------------------------------------
Unit <disp_mux> synthesized (advanced).

Synthesizing (advanced) Unit <hex_to_sseg>.
INFO:Xst:3218 - HDL ADVISOR - The RAM <Mram__n0026[0:6]> will be implemented on LUTs either because you have described an asynchronous read or because of currently unsupported block RAM features. If you have described an asynchronous read, making it synchronous would allow you to take advantage of available block RAM resources, for optimized device usage and improved timings. Please refer to your documentation for coding guidelines.
    -----------------------------------------------------------------------
    | ram_type           | Distributed                         |          |
    -----------------------------------------------------------------------
    | Port A                                                              |
    |     aspect ratio   | 16-word x 7-bit                     |          |
    |     weA            | connected to signal <GND>           | high     |
    |     addrA          | connected to signal <hex>           |          |
    |     diA            | connected to signal <GND>           |          |
    |     doA            | connected to internal node          |          |
    -----------------------------------------------------------------------
Unit <hex_to_sseg> synthesized (advanced).

=========================================================================
Advanced HDL Synthesis Report

Macro Statistics
# RAMs                                                 : 3
 16x7-bit single-port distributed Read Only RAM        : 2
 4x4-bit single-port distributed Read Only RAM         : 1
# Counters                                             : 1
 18-bit up counter                                     : 1
# Multiplexers                                         : 1
 8-bit 3-to-1 multiplexer                              : 1

=========================================================================

=========================================================================
*                         Low Level Synthesis                           *
=========================================================================

Optimizing unit <meminferida> ...

Mapping all equations...
Building and optimizing final netlist ...
Found area constraint ratio of 100 (+ 5) on block meminferida, actual ratio is 0.

Final Macro Processing ...

=========================================================================
Final Register Report

Macro Statistics
# Registers                                            : 18
 Flip-Flops                                            : 18

=========================================================================

=========================================================================
*                           Partition Report                            *
=========================================================================

Partition Implementation Status
-------------------------------

  No Partitions were found in this design.

-------------------------------

=========================================================================
*                            Design Summary                             *
=========================================================================

Top Level Output File Name         : meminferida.ngc

Primitive and Black Box Usage:
------------------------------
# BELS                             : 59
#      GND                         : 1
#      INV                         : 1
#      LUT1                        : 17
#      LUT2                        : 4
#      MUXCY                       : 17
#      VCC                         : 1
#      XORCY                       : 18
# FlipFlops/Latches                : 18
#      FD                          : 18
# Clock Buffers                    : 1
#      BUFGP                       : 1
# IO Buffers                       : 12
#      OBUF                        : 12

Device utilization summary:
---------------------------

Selected Device : 6slx16csg324-3 


Slice Logic Utilization: 
 Number of Slice Registers:              18  out of  18224     0%  
 Number of Slice LUTs:                   22  out of   9112     0%  
    Number used as Logic:                22  out of   9112     0%  

Slice Logic Distribution: 
 Number of LUT Flip Flop pairs used:     22
   Number with an unused Flip Flop:       4  out of     22    18%  
   Number with an unused LUT:             0  out of     22     0%  
   Number of fully used LUT-FF pairs:    18  out of     22    81%  
   Number of unique control sets:         1

IO Utilization: 
 Number of IOs:                          13
 Number of bonded IOBs:                  13  out of    232     5%  

Specific Feature Utilization:
 Number of BUFG/BUFGCTRLs:                1  out of     16     6%  

---------------------------
Partition Resource Summary:
---------------------------

  No Partitions were found in this design.

---------------------------


=========================================================================
Timing Report

NOTE: THESE TIMING NUMBERS ARE ONLY A SYNTHESIS ESTIMATE.
      FOR ACCURATE TIMING INFORMATION PLEASE REFER TO THE TRACE REPORT
      GENERATED AFTER PLACE-and-ROUTE.

Clock Information:
------------------
-----------------------------------+------------------------+-------+
Clock Signal                       | Clock buffer(FF name)  | Load  |
-----------------------------------+------------------------+-------+
clk                                | BUFGP                  | 18    |
-----------------------------------+------------------------+-------+

Asynchronous Control Signals Information:
----------------------------------------
No asynchronous control signals found in this design

Timing Summary:
---------------
Speed Grade: -3

   Minimum period: 1.990ns (Maximum Frequency: 502.550MHz)
   Minimum input arrival time before clock: No path found
   Maximum output required time after clock: 4.842ns
   Maximum combinational path delay: No path found

Timing Details:
---------------
All values displayed in nanoseconds (ns)

=========================================================================
Timing constraint: Default period analysis for Clock 'clk'
  Clock period: 1.990ns (frequency: 502.550MHz)
  Total number of paths / destination ports: 171 / 18
-------------------------------------------------------------------------
Delay:               1.990ns (Levels of Logic = 19)
  Source:            disp_m/q_reg_0 (FF)
  Destination:       disp_m/q_reg_17 (FF)
  Source Clock:      clk rising
  Destination Clock: clk rising

  Data Path: disp_m/q_reg_0 to disp_m/q_reg_17
                                Gate     Net
    Cell:in->out      fanout   Delay   Delay  Logical Name (Net Name)
    ----------------------------------------  ------------
     FD:C->Q               1   0.447   0.579  disp_m/q_reg_0 (disp_m/q_reg_0)
     INV:I->O              1   0.206   0.000  disp_m/Mcount_q_reg_lut<0>_INV_0 (disp_m/Mcount_q_reg_lut<0>)
     MUXCY:S->O            1   0.172   0.000  disp_m/Mcount_q_reg_cy<0> (disp_m/Mcount_q_reg_cy<0>)
     MUXCY:CI->O           1   0.019   0.000  disp_m/Mcount_q_reg_cy<1> (disp_m/Mcount_q_reg_cy<1>)
     MUXCY:CI->O           1   0.019   0.000  disp_m/Mcount_q_reg_cy<2> (disp_m/Mcount_q_reg_cy<2>)
     MUXCY:CI->O           1   0.019   0.000  disp_m/Mcount_q_reg_cy<3> (disp_m/Mcount_q_reg_cy<3>)
     MUXCY:CI->O           1   0.019   0.000  disp_m/Mcount_q_reg_cy<4> (disp_m/Mcount_q_reg_cy<4>)
     MUXCY:CI->O           1   0.019   0.000  disp_m/Mcount_q_reg_cy<5> (disp_m/Mcount_q_reg_cy<5>)
     MUXCY:CI->O           1   0.019   0.000  disp_m/Mcount_q_reg_cy<6> (disp_m/Mcount_q_reg_cy<6>)
     MUXCY:CI->O           1   0.019   0.000  disp_m/Mcount_q_reg_cy<7> (disp_m/Mcount_q_reg_cy<7>)
     MUXCY:CI->O           1   0.019   0.000  disp_m/Mcount_q_reg_cy<8> (disp_m/Mcount_q_reg_cy<8>)
     MUXCY:CI->O           1   0.019   0.000  disp_m/Mcount_q_reg_cy<9> (disp_m/Mcount_q_reg_cy<9>)
     MUXCY:CI->O           1   0.019   0.000  disp_m/Mcount_q_reg_cy<10> (disp_m/Mcount_q_reg_cy<10>)
     MUXCY:CI->O           1   0.019   0.000  disp_m/Mcount_q_reg_cy<11> (disp_m/Mcount_q_reg_cy<11>)
     MUXCY:CI->O           1   0.019   0.000  disp_m/Mcount_q_reg_cy<12> (disp_m/Mcount_q_reg_cy<12>)
     MUXCY:CI->O           1   0.019   0.000  disp_m/Mcount_q_reg_cy<13> (disp_m/Mcount_q_reg_cy<13>)
     MUXCY:CI->O           1   0.019   0.000  disp_m/Mcount_q_reg_cy<14> (disp_m/Mcount_q_reg_cy<14>)
     MUXCY:CI->O           1   0.019   0.000  disp_m/Mcount_q_reg_cy<15> (disp_m/Mcount_q_reg_cy<15>)
     MUXCY:CI->O           0   0.019   0.000  disp_m/Mcount_q_reg_cy<16> (disp_m/Mcount_q_reg_cy<16>)
     XORCY:CI->O           1   0.180   0.000  disp_m/Mcount_q_reg_xor<17> (Result<17>)
     FD:D                      0.102          disp_m/q_reg_17
    ----------------------------------------
    Total                      1.990ns (1.411ns logic, 0.579ns route)
                                       (70.9% logic, 29.1% route)

=========================================================================
Timing constraint: Default OFFSET OUT AFTER for Clock 'clk'
  Total number of paths / destination ports: 20 / 11
-------------------------------------------------------------------------
Offset:              4.842ns (Levels of Logic = 2)
  Source:            disp_m/q_reg_17 (FF)
  Destination:       an<0> (PAD)
  Source Clock:      clk rising

  Data Path: disp_m/q_reg_17 to an<0>
                                Gate     Net
    Cell:in->out      fanout   Delay   Delay  Logical Name (Net Name)
    ----------------------------------------  ------------
     FD:C->Q               7   0.447   0.878  disp_m/q_reg_17 (disp_m/q_reg_17)
     LUT2:I0->O            6   0.203   0.744  sseg<3>1 (sseg_3_OBUF)
     OBUF:I->O                 2.571          an_0_OBUF (an<0>)
    ----------------------------------------
    Total                      4.842ns (3.221ns logic, 1.621ns route)
                                       (66.5% logic, 33.5% route)

=========================================================================

Cross Clock Domains Report:
--------------------------

Clock to Setup on destination clock clk
---------------+---------+---------+---------+---------+
               | Src:Rise| Src:Fall| Src:Rise| Src:Fall|
Source Clock   |Dest:Rise|Dest:Rise|Dest:Fall|Dest:Fall|
---------------+---------+---------+---------+---------+
clk            |    1.990|         |         |         |
---------------+---------+---------+---------+---------+

=========================================================================


Total REAL time to Xst completion: 4.00 secs
Total CPU time to Xst completion: 4.23 secs
 
--> 


Total memory usage is 389036 kilobytes

Number of errors   :    0 (   0 filtered)
Number of warnings :    4 (   0 filtered)
Number of infos    :    2 (   0 filtered)

