--------------------------------------------------------------------------------
Release 14.7 Trace  (lin64)
Copyright (c) 1995-2013 Xilinx, Inc.  All rights reserved.

/opt/Xilinx/14.7/ISE_DS/ISE/bin/lin64/unwrapped/trce -intstyle ise -v 3 -s 3 -n
3 -fastpaths -xml meminferida.twx meminferida.ncd -o meminferida.twr
meminferida.pcf

Design file:              meminferida.ncd
Physical constraint file: meminferida.pcf
Device,package,speed:     xc6slx16,csg324,C,-3 (PRODUCTION 1.23 2013-10-13)
Report level:             verbose report

Environment Variable      Effect 
--------------------      ------ 
NONE                      No environment variables were set
--------------------------------------------------------------------------------

INFO:Timing:2698 - No timing constraints found, doing default enumeration.
INFO:Timing:3412 - To improve timing, see the Timing Closure User Guide (UG612).
INFO:Timing:2752 - To get complete path coverage, use the unconstrained paths 
   option. All paths that are not constrained will be reported in the 
   unconstrained paths section(s) of the report.
INFO:Timing:3339 - The clock-to-out numbers in this timing report are based on 
   a 50 Ohm transmission line loading model.  For the details of this model, 
   and for more information on accounting for different loading conditions, 
   please see the device datasheet.



Data Sheet report:
-----------------
All values displayed in nanoseconds (ns)

Clock clk to Pad
------------+-----------------+------------+-----------------+------------+------------------+--------+
            |Max (slowest) clk|  Process   |Min (fastest) clk|  Process   |                  | Clock  |
Destination |  (edge) to PAD  |   Corner   |  (edge) to PAD  |   Corner   |Internal Clock(s) | Phase  |
------------+-----------------+------------+-----------------+------------+------------------+--------+
an<0>       |         8.406(R)|      SLOW  |         4.391(R)|      FAST  |clk_BUFGP         |   0.000|
an<1>       |         8.346(R)|      SLOW  |         4.362(R)|      FAST  |clk_BUFGP         |   0.000|
an<2>       |         8.339(R)|      SLOW  |         4.355(R)|      FAST  |clk_BUFGP         |   0.000|
an<3>       |         8.287(R)|      SLOW  |         4.312(R)|      FAST  |clk_BUFGP         |   0.000|
sseg<0>     |         9.015(R)|      SLOW  |         4.758(R)|      FAST  |clk_BUFGP         |   0.000|
sseg<1>     |         7.883(R)|      SLOW  |         4.142(R)|      FAST  |clk_BUFGP         |   0.000|
sseg<2>     |         7.659(R)|      SLOW  |         4.002(R)|      FAST  |clk_BUFGP         |   0.000|
sseg<3>     |         8.741(R)|      SLOW  |         4.586(R)|      FAST  |clk_BUFGP         |   0.000|
sseg<4>     |         8.195(R)|      SLOW  |         4.244(R)|      FAST  |clk_BUFGP         |   0.000|
sseg<5>     |         8.356(R)|      SLOW  |         4.341(R)|      FAST  |clk_BUFGP         |   0.000|
sseg<7>     |         8.575(R)|      SLOW  |         4.496(R)|      FAST  |clk_BUFGP         |   0.000|
------------+-----------------+------------+-----------------+------------+------------------+--------+

Clock to Setup on destination clock clk
---------------+---------+---------+---------+---------+
               | Src:Rise| Src:Fall| Src:Rise| Src:Fall|
Source Clock   |Dest:Rise|Dest:Rise|Dest:Fall|Dest:Fall|
---------------+---------+---------+---------+---------+
clk            |    1.762|         |         |         |
---------------+---------+---------+---------+---------+


Analysis completed Wed Oct 22 11:28:50 2014 
--------------------------------------------------------------------------------

Trace Settings:
-------------------------
Trace Settings 

Peak Memory Usage: 388 MB



